<testsuites id="" name="" tests="1" failures="0" skipped="0" errors="0" time="5.673950999999999">
<testsuite name="chapter5\08_RunTestBasedOnEnv.spec.ts" timestamp="2026-04-16T10:10:38.359Z" hostname="Google Chrome" tests="1" failures="0" skipped="0" time="2.93" errors="0">
<testcase name="Implement Fixture Playwright" classname="chapter5\08_RunTestBasedOnEnv.spec.ts" time="2.93">
<system-out>
<![CDATA[Global before is running...
Test Execution Startedd...
Tests are running in dev env.
Skill1 : API Testing by Testers Talk
Skill2 : Rest Assured by Testers Talk
Skill3 : Postman by Testers Talk
Global afterEach is running...

[[ATTACHMENT|test-results\chapter5-08_RunTestBasedOnEnv-Implement-Fixture-Playwright-Google-Chrome\test-finished-1.png]]
]]>
</system-out>
</testcase>
</testsuite>
</testsuites>