<testsuites id="" name="" tests="2" failures="0" skipped="0" errors="0" time="95.46419600000002">
<testsuite name="chapter1\02_First_Test.spec.ts" timestamp="2026-04-17T04:09:00.143Z" hostname="Google Chrome" tests="1" failures="0" skipped="0" time="8.296" errors="0">
<testcase name="My First Playwright Typrescript Test" classname="chapter1\02_First_Test.spec.ts" time="8.296">
<system-out>
<![CDATA[Test Execution Started..

[[ATTACHMENT|test-results\chapter1-02_First_Test-My-First-Playwright-Typrescript-Test-Google-Chrome\test-finished-1.png]]

[[ATTACHMENT|test-results\chapter1-02_First_Test-My-First-Playwright-Typrescript-Test-Google-Chrome\video.webm]]

[[ATTACHMENT|test-results\chapter1-02_First_Test-My-First-Playwright-Typrescript-Test-Google-Chrome\trace.zip]]
]]>
</system-out>
</testcase>
</testsuite>
<testsuite name="chapter1\04_Codegen.spec.ts" timestamp="2026-04-17T04:09:00.143Z" hostname="Google Chrome" tests="1" failures="0" skipped="0" time="42.42" errors="0">
<testcase name="Codegen test" classname="chapter1\04_Codegen.spec.ts" time="42.42">
<system-out>
<![CDATA[
[[ATTACHMENT|test-results\chapter1-04_Codegen-Codegen-test-Google-Chrome\video.webm]]

[[ATTACHMENT|test-results\chapter1-04_Codegen-Codegen-test-Google-Chrome\trace.zip]]
]]>
</system-out>
</testcase>
</testsuite>
</testsuites>